[12:03:38] [ServerMain/INFO]: Building unoptimized datafixer
[12:03:39] [ServerMain/INFO]: Environment: authHost='https://authserver.mojang.com', accountsHost='https://api.mojang.com', sessionHost='https://sessionserver.mojang.com', servicesHost='https://api.minecraftservices.com', name='PROD'
[12:03:41] [ServerMain/INFO]: Loaded 7 recipes
[12:03:41] [ServerMain/INFO]: Loaded 1179 advancements
[12:03:41] [Server thread/INFO]: Starting minecraft server version 1.19.3
[12:03:41] [Server thread/INFO]: Loading properties
[12:03:41] [Server thread/INFO]: Default game type: SURVIVAL
[12:03:41] [Server thread/INFO]: Generating keypair
[12:03:41] [Server thread/INFO]: Starting Minecraft server on *:25564
[12:03:42] [Server thread/INFO]: Using default channel type
[12:03:42] [Server thread/INFO]: Preparing level "world"
[12:03:42] [Server thread/INFO]: Preparing start region for dimension minecraft:overworld
[12:03:44] [Worker-Main-13/INFO]: Preparing spawn area: 0%
[12:03:44] [Worker-Main-13/INFO]: Preparing spawn area: 0%
[12:03:44] [Worker-Main-8/INFO]: Preparing spawn area: 0%
[12:03:44] [Worker-Main-8/INFO]: Preparing spawn area: 0%
[12:03:44] [Worker-Main-8/INFO]: Preparing spawn area: 0%
[12:03:45] [Worker-Main-4/INFO]: Preparing spawn area: 0%
[12:03:45] [Worker-Main-11/INFO]: Preparing spawn area: 0%
[12:03:46] [Worker-Main-10/INFO]: Preparing spawn area: 3%
[12:03:46] [Worker-Main-9/INFO]: Preparing spawn area: 39%
[12:03:47] [Worker-Main-1/INFO]: Preparing spawn area: 89%
[12:03:47] [Server thread/INFO]: Time elapsed: 4577 ms
[12:03:47] [Server thread/INFO]: Done (5.279s)! For help, type "help"
[12:28:21] [User Authenticator #1/INFO]: UUID of player TacoBelle321 is b7cb2947-099e-4ede-8f1e-dd398a5abf64
[12:28:22] [Server thread/INFO]: TacoBelle321[/127.124.214.173:54218] logged in with entity id 83 at (-137.84838529556728, 63.0, 0.41474962966664225)
[12:28:22] [Server thread/INFO]: TacoBelle321 joined the game
[12:38:32] [User Authenticator #2/INFO]: UUID of player Thaliazhu is db21a48d-97e7-45fc-82e5-4e4d2fb095a9
[12:38:32] [Server thread/INFO]: Thaliazhu[/127.0.0.1:54362] logged in with entity id 1950 at (-145.5675748265982, 63.0, -1.2329943929852798)
[12:38:32] [Server thread/INFO]: Thaliazhu joined the game
[13:06:39] [Server thread/WARN]: Thaliazhu moved wrongly!
[13:19:36] [Server thread/INFO]: Villager bwc['Farmer'/5234, l='ServerLevel[world]', x=445.71, y=64.56, z=-367.65] died, message: 'Farmer was slain by Zombie'
[13:20:59] [Server thread/INFO]: Thaliazhu lost connection: Disconnected
[13:20:59] [Server thread/INFO]: Thaliazhu left the game
[13:21:00] [User Authenticator #3/INFO]: UUID of player Thaliazhu is db21a48d-97e7-45fc-82e5-4e4d2fb095a9
[13:21:00] [Server thread/INFO]: Thaliazhu[/127.0.0.1:54964] logged in with entity id 11274 at (432.0370866648374, 63.5, -370.9538176152851)
[13:21:00] [Server thread/INFO]: Thaliazhu joined the game
[13:21:11] [Server thread/INFO]: Thaliazhu lost connection: Disconnected
[13:21:11] [Server thread/INFO]: Thaliazhu left the game
[13:21:13] [Server thread/INFO]: TacoBelle321 lost connection: Disconnected
[13:21:13] [Server thread/INFO]: TacoBelle321 left the game
